2019.09.04, 18:27:55.0001 UTC ->  [x] Sent An example message from producing javascript app.
2019.09.04, 18:28:33.0931 UTC ->  [x] Sent An example message from producing javascript app.
2019.09.04, 18:28:52.0235 UTC ->  [x] Sent An example message from producing javascript app.
2019.09.04, 18:29:10.0453 UTC -> Sending message...
2019.09.04, 18:29:10.0526 UTC ->  [x] Sent An example message from producing javascript app.
2019.09.04, 18:29:37.0249 UTC -> Sending message...
2019.09.04, 18:29:37.0291 UTC ->  [x] Sent An example message from producing javascript app.
2019.09.04, 22:01:34.0337 UTC -> Sending message...
2019.09.04, 22:03:51.0906 UTC -> Starting javascript producer...
2019.09.04, 22:03:51.0908 UTC -> Connecting to amqp...
2019.09.04, 22:05:05.0525 UTC -> Starting javascript producer...
2019.09.04, 22:05:05.0528 UTC -> Connecting to amqp...
2019.09.04, 22:05:24.0883 UTC -> Starting javascript producer...
2019.09.04, 22:05:24.0885 UTC -> Connecting to amqp...
2019.09.04, 22:05:40.0081 UTC -> Starting javascript producer...
2019.09.04, 22:05:40.0084 UTC -> Connecting to amqp...
2019.09.04, 22:05:40.0085 UTC -> undefined
2019.09.04, 22:22:41.0107 UTC -> Starting javascript producer...
2019.09.04, 22:22:41.0109 UTC -> Connecting to amqp...
2019.09.04, 22:22:41.0110 UTC -> Connecting attempt #0.
2019.09.04, 22:22:42.0153 UTC -> ERROR: Error: Socket closed abruptly during opening handshake
2019.09.04, 22:22:42.0166 UTC -> Connecting attempt #1.
2019.09.04, 22:22:43.0174 UTC -> ERROR: Error: Socket closed abruptly during opening handshake
2019.09.04, 22:22:43.0174 UTC -> Connecting attempt #2.
2019.09.04, 22:22:44.0181 UTC -> ERROR: Error: Socket closed abruptly during opening handshake
2019.09.04, 22:22:44.0182 UTC -> Connecting attempt #3.
2019.09.04, 22:23:07.0083 UTC -> Starting javascript producer...
2019.09.04, 22:23:07.0086 UTC -> Connecting to amqp...
2019.09.04, 22:23:07.0086 UTC -> Connecting attempt #0.
2019.09.04, 22:23:38.0118 UTC -> ERROR: Error: read ECONNRESET
2019.09.04, 22:23:38.0118 UTC -> Connecting attempt #1.
2019.09.04, 22:24:09.0125 UTC -> ERROR: Error: read ECONNRESET
2019.09.04, 22:24:09.0126 UTC -> Connecting attempt #2.
2019.09.04, 22:24:40.0132 UTC -> ERROR: Error: read ECONNRESET
2019.09.04, 22:24:40.0133 UTC -> Connecting attempt #3.
2019.09.04, 22:25:11.0141 UTC -> ERROR: Error: read ECONNRESET
2019.09.04, 22:25:11.0141 UTC -> Connecting attempt #4.
2019.09.04, 22:25:31.0204 UTC -> Starting javascript producer...
2019.09.04, 22:25:31.0207 UTC -> Connecting to amqp...
2019.09.04, 22:25:31.0208 UTC -> Could not connect.
2019.09.04, 22:25:31.0207 UTC -> Connecting attempt #0.
2019.09.04, 22:26:02.0238 UTC -> ERROR: Error: read ECONNRESET
2019.09.04, 22:26:02.0238 UTC -> Connecting attempt #1.
2019.09.04, 22:26:02.0239 UTC -> Could not connect.
2019.09.04, 22:26:33.0246 UTC -> ERROR: Error: read ECONNRESET
2019.09.04, 22:26:33.0246 UTC -> Connecting attempt #2.
2019.09.04, 22:26:33.0247 UTC -> Could not connect.
2019.09.04, 22:27:04.0253 UTC -> ERROR: Error: read ECONNRESET
2019.09.04, 22:27:04.0253 UTC -> Connecting attempt #3.
2019.09.04, 22:27:04.0254 UTC -> Could not connect.
2019.09.04, 22:27:35.0256 UTC -> ERROR: Error: read ECONNRESET
2019.09.04, 22:27:35.0257 UTC -> Connecting attempt #4.
2019.09.04, 22:27:35.0257 UTC -> Could not connect.
2019.09.04, 22:28:06.0262 UTC -> ERROR: Error: read ECONNRESET
2019.09.04, 22:28:06.0262 UTC -> Connecting attempt #5.
2019.09.04, 22:28:06.0262 UTC -> Could not connect.
2019.09.04, 22:30:22.0548 UTC -> Starting javascript producer...
2019.09.04, 22:30:22.0551 UTC -> Connecting to amqp...
2019.09.04, 22:30:22.0552 UTC -> Connecting attempt #0.
2019.09.04, 22:30:22.0552 UTC -> Could not connect.
2019.09.04, 22:30:53.0583 UTC -> ERROR: Error: read ECONNRESET
2019.09.04, 22:30:53.0584 UTC -> Connecting attempt #1.
2019.09.04, 22:30:53.0584 UTC -> Could not connect.
2019.09.04, 22:34:31.0615 UTC -> Starting javascript producer...
2019.09.04, 22:34:31.0617 UTC -> Connecting to amqp...
2019.09.04, 22:34:31.0617 UTC -> Connecting attempt #0.
2019.09.04, 22:35:05.0359 UTC -> Starting javascript producer...
2019.09.04, 22:35:05.0362 UTC -> Connecting attempt #0.
2019.09.04, 22:35:05.0361 UTC -> Connecting to amqp...
2019.09.04, 22:35:35.0494 UTC -> ERROR: Error: read ECONNRESET
2019.09.04, 22:35:35.0494 UTC -> Connecting attempt #1.
2019.09.04, 22:37:25.0161 UTC -> Starting javascript producer...
2019.09.04, 22:37:25.0164 UTC -> Connecting to amqp...
2019.09.04, 22:37:25.0164 UTC -> Connecting attempt #0.
2019.09.04, 22:37:46.0095 UTC -> Starting javascript producer...
2019.09.04, 22:37:46.0098 UTC -> Connecting to amqp...
2019.09.04, 22:37:46.0098 UTC -> Connecting attempt #0.
2019.09.04, 22:38:16.0229 UTC -> ERROR: Error: read ECONNRESET
2019.09.04, 22:38:16.0230 UTC -> Connecting attempt #1.
2019.09.04, 22:38:46.0334 UTC -> ERROR: Error: read ECONNRESET
2019.09.04, 22:38:46.0334 UTC -> Connecting attempt #2.
2019.09.04, 22:40:17.0589 UTC -> Starting javascript producer...
2019.09.04, 22:40:17.0592 UTC -> Connecting to amqp...
2019.09.04, 22:40:17.0593 UTC -> Connecting attempt #0.
2019.09.04, 22:40:47.0725 UTC -> ERROR: Error: read ECONNRESET
2019.09.04, 22:40:47.0726 UTC -> Connecting attempt #1.
2019.09.04, 22:41:59.0159 UTC -> Starting javascript producer...
2019.09.04, 22:41:59.0161 UTC -> Connecting to amqp...
2019.09.04, 22:41:59.0162 UTC -> Connecting attempt #0.
2019.09.04, 22:42:29.0293 UTC -> ERROR: Error: read ECONNRESET
2019.09.04, 22:42:29.0293 UTC -> Connecting attempt #1.
2019.09.04, 22:42:52.0203 UTC -> Sending message...
2019.09.04, 22:46:15.0945 UTC -> Sending message...
2019.09.04, 22:48:52.0726 UTC -> Sending message...
2019.09.04, 22:49:37.0401 UTC -> Sending message...
2019.09.04, 22:50:20.0698 UTC -> Sending message...
2019.09.04, 22:51:41.0050 UTC -> Sending message...
2019.09.04, 22:55:48.0180 UTC -> Sending message...
2019.09.04, 22:55:48.0236 UTC ->  [x] Sent An example message from producing javascript app.
2019.09.04, 22:56:01.0320 UTC -> Starting javascript producer...
2019.09.04, 22:56:01.0323 UTC -> Connecting to amqp...
2019.09.04, 22:56:01.0323 UTC -> Connecting attempt #0.
2019.09.04, 22:56:01.0463 UTC -> Creating channel...
2019.09.04, 22:57:20.0985 UTC -> Starting javascript producer...
2019.09.04, 22:57:20.0988 UTC -> Connecting to amqp...
2019.09.04, 22:57:20.0988 UTC -> Connecting attempt #0.
2019.09.04, 22:57:21.0130 UTC -> Creating channel...
2019.09.04, 22:58:57.0576 UTC -> Starting javascript producer...
2019.09.04, 22:58:57.0578 UTC -> Connecting to amqp...
2019.09.04, 22:58:57.0579 UTC -> Connecting attempt #0.
2019.09.04, 22:58:57.0718 UTC -> Creating channel...
2019.09.04, 23:00:19.0713 UTC -> Starting javascript producer...
2019.09.04, 23:00:19.0715 UTC -> Connecting to amqp...
2019.09.04, 23:00:19.0716 UTC -> Connecting attempt #0.
2019.09.04, 23:00:19.0853 UTC -> Creating channel...
2019.09.04, 23:01:03.0154 UTC -> Starting javascript producer...
2019.09.04, 23:01:03.0156 UTC -> Connecting to amqp...
2019.09.04, 23:01:03.0157 UTC -> Connecting attempt #0.
2019.09.04, 23:01:03.0295 UTC -> Creating channel...
2019.09.04, 23:01:54.0031 UTC -> Sending message...
2019.09.04, 23:01:54.0086 UTC ->  [x] Sent An example message from producing javascript app.
2019.09.04, 23:02:14.0285 UTC -> Starting javascript producer...
2019.09.04, 23:02:14.0288 UTC -> Connecting to amqp...
2019.09.04, 23:02:14.0288 UTC -> Connecting attempt #0.
2019.09.04, 23:02:14.0426 UTC -> Creating channel...
2019.09.04, 23:07:51.0808 UTC -> Starting javascript producer...
2019.09.04, 23:07:51.0811 UTC -> Connecting attempt #0.
2019.09.04, 23:07:51.0811 UTC -> Connecting to amqp...
2019.09.04, 23:07:51.0949 UTC -> Creating channel...
2019.09.04, 23:08:19.0403 UTC -> Starting javascript producer...
2019.09.04, 23:08:19.0406 UTC -> Connecting attempt #0.
2019.09.04, 23:08:19.0406 UTC -> Connecting to amqp...
2019.09.04, 23:08:19.0545 UTC -> Creating channel...
2019.09.04, 23:09:32.0907 UTC -> Starting javascript producer...
2019.09.04, 23:09:32.0909 UTC -> Connecting to amqp...
2019.09.04, 23:09:32.0910 UTC -> Connecting attempt #0.
2019.09.04, 23:09:33.0049 UTC -> Creating channel...
2019.09.04, 23:10:10.0927 UTC -> Starting javascript producer...
2019.09.04, 23:10:10.0929 UTC -> Connecting to amqp...
2019.09.04, 23:10:10.0929 UTC -> Connecting attempt #0.
2019.09.04, 23:10:11.0071 UTC -> Creating channel...
2019.09.04, 23:10:11.0076 UTC -> Creating message...
2019.09.04, 23:10:52.0725 UTC -> Starting javascript producer...
2019.09.04, 23:10:52.0728 UTC -> Connecting to amqp...
2019.09.04, 23:10:52.0728 UTC -> Connecting attempt #0.
2019.09.04, 23:10:52.0870 UTC -> Creating channel...
2019.09.04, 23:10:52.0876 UTC -> Creating message...
2019.09.04, 23:10:53.0378 UTC -> Sending message...
2019.09.04, 23:10:53.0380 UTC ->  [x] Sent An example message from producing javascript app.
2019.09.04, 23:10:53.0381 UTC -> Creating message...
2019.09.04, 23:10:53.0881 UTC -> Sending message...
2019.09.04, 23:10:53.0882 UTC ->  [x] Sent An example message from producing javascript app.
2019.09.04, 23:10:53.0882 UTC -> Creating message...
2019.09.04, 23:10:54.0383 UTC -> Sending message...
2019.09.04, 23:10:54.0383 UTC ->  [x] Sent An example message from producing javascript app.
2019.09.04, 23:10:54.0383 UTC -> Creating message...
2019.09.04, 23:10:54.0885 UTC -> Sending message...
2019.09.04, 23:10:54.0885 UTC ->  [x] Sent An example message from producing javascript app.
2019.09.04, 23:10:54.0885 UTC -> Creating message...
2019.09.04, 23:10:55.0386 UTC -> Sending message...
2019.09.04, 23:10:55.0386 UTC ->  [x] Sent An example message from producing javascript app.
2019.09.04, 23:10:55.0387 UTC -> Creating message...
2019.09.04, 23:10:55.0887 UTC -> Sending message...
2019.09.04, 23:10:55.0887 UTC ->  [x] Sent An example message from producing javascript app.
2019.09.04, 23:10:55.0888 UTC -> Creating message...
2019.09.04, 23:10:56.0398 UTC -> Sending message...
2019.09.04, 23:10:56.0398 UTC ->  [x] Sent An example message from producing javascript app.
2019.09.04, 23:10:56.0399 UTC -> Creating message...
2019.09.04, 23:10:56.0899 UTC -> Sending message...
2019.09.04, 23:10:56.0899 UTC ->  [x] Sent An example message from producing javascript app.
2019.09.04, 23:10:56.0899 UTC -> Creating message...
2019.09.04, 23:10:57.0401 UTC -> Sending message...
2019.09.04, 23:10:57.0401 UTC -> Creating message...
2019.09.04, 23:10:57.0401 UTC ->  [x] Sent An example message from producing javascript app.
2019.09.04, 23:10:57.0902 UTC -> Sending message...
2019.09.04, 23:10:57.0903 UTC ->  [x] Sent An example message from producing javascript app.
2019.09.04, 23:10:57.0903 UTC -> Creating message...
2019.09.04, 23:10:58.0404 UTC -> Sending message...
2019.09.04, 23:10:58.0405 UTC ->  [x] Sent An example message from producing javascript app.
2019.09.04, 23:10:58.0406 UTC -> Creating message...
2019.09.04, 23:10:58.0908 UTC -> Sending message...
2019.09.04, 23:10:58.0908 UTC ->  [x] Sent An example message from producing javascript app.
2019.09.04, 23:10:58.0909 UTC -> Creating message...
2019.09.04, 23:10:59.0410 UTC ->  [x] Sent An example message from producing javascript app.
2019.09.04, 23:10:59.0410 UTC -> Sending message...
2019.09.04, 23:10:59.0410 UTC -> Creating message...
2019.09.04, 23:10:59.0912 UTC -> Sending message...
2019.09.04, 23:10:59.0912 UTC ->  [x] Sent An example message from producing javascript app.
2019.09.04, 23:10:59.0912 UTC -> Creating message...
2019.09.04, 23:11:00.0414 UTC -> Sending message...
2019.09.04, 23:11:00.0415 UTC ->  [x] Sent An example message from producing javascript app.
2019.09.04, 23:11:00.0415 UTC -> Creating message...
2019.09.04, 23:11:00.0917 UTC -> Sending message...
2019.09.04, 23:11:00.0917 UTC ->  [x] Sent An example message from producing javascript app.
2019.09.04, 23:11:00.0918 UTC -> Creating message...
2019.09.04, 23:11:01.0419 UTC -> Sending message...
2019.09.04, 23:11:01.0420 UTC ->  [x] Sent An example message from producing javascript app.
2019.09.04, 23:11:01.0420 UTC -> Creating message...
2019.09.04, 23:11:01.0921 UTC -> Sending message...
2019.09.04, 23:11:01.0922 UTC ->  [x] Sent An example message from producing javascript app.
2019.09.04, 23:11:01.0922 UTC -> Creating message...
2019.09.04, 23:11:02.0424 UTC -> Sending message...
2019.09.04, 23:11:02.0424 UTC ->  [x] Sent An example message from producing javascript app.
2019.09.04, 23:11:02.0424 UTC -> Creating message...
2019.09.04, 23:11:02.0926 UTC -> Sending message...
2019.09.04, 23:11:02.0927 UTC ->  [x] Sent An example message from producing javascript app.
2019.09.04, 23:11:02.0927 UTC -> Creating message...
2019.09.04, 23:11:03.0429 UTC -> Sending message...
2019.09.04, 23:11:03.0439 UTC ->  [x] Sent An example message from producing javascript app.
2019.09.04, 23:11:03.0440 UTC -> Creating message...
2019.09.04, 23:11:03.0940 UTC -> Sending message...
2019.09.04, 23:11:03.0941 UTC ->  [x] Sent An example message from producing javascript app.
2019.09.04, 23:11:03.0941 UTC -> Creating message...
2019.09.04, 23:11:04.0443 UTC ->  [x] Sent An example message from producing javascript app.
2019.09.04, 23:11:04.0442 UTC -> Sending message...
2019.09.04, 23:11:04.0443 UTC -> Creating message...
2019.09.04, 23:11:08.0162 UTC -> Starting javascript producer...
2019.09.04, 23:11:08.0164 UTC -> Connecting to amqp...
2019.09.04, 23:11:08.0164 UTC -> Connecting attempt #0.
2019.09.04, 23:11:08.0305 UTC -> Creating channel...
2019.09.04, 23:11:08.0310 UTC -> Creating message...
2019.09.04, 23:11:08.0811 UTC -> Sending message...
2019.09.04, 23:11:08.0814 UTC ->  [x] Sent An example message from producing javascript app.
2019.09.04, 23:11:08.0814 UTC -> Creating message...
2019.09.04, 23:11:09.0316 UTC -> Sending message...
2019.09.04, 23:11:09.0317 UTC ->  [x] Sent An example message from producing javascript app.
2019.09.04, 23:11:09.0317 UTC -> Creating message...
2019.09.04, 23:11:09.0818 UTC -> Sending message...
2019.09.04, 23:11:09.0818 UTC ->  [x] Sent An example message from producing javascript app.
2019.09.04, 23:11:09.0819 UTC -> Creating message...
2019.09.04, 23:11:10.0320 UTC ->  [x] Sent An example message from producing javascript app.
2019.09.04, 23:11:10.0321 UTC -> Creating message...
2019.09.04, 23:11:10.0320 UTC -> Sending message...
2019.09.04, 23:11:10.0821 UTC -> Sending message...
2019.09.04, 23:11:10.0822 UTC ->  [x] Sent An example message from producing javascript app.
2019.09.04, 23:11:10.0822 UTC -> Creating message...
2019.09.04, 23:11:11.0322 UTC -> Sending message...
2019.09.04, 23:11:11.0323 UTC ->  [x] Sent An example message from producing javascript app.
2019.09.04, 23:11:11.0323 UTC -> Creating message...
2019.09.04, 23:11:11.0824 UTC -> Sending message...
2019.09.04, 23:11:11.0824 UTC ->  [x] Sent An example message from producing javascript app.
2019.09.04, 23:11:11.0824 UTC -> Creating message...
2019.09.04, 23:11:12.0325 UTC -> Sending message...
2019.09.04, 23:11:12.0325 UTC ->  [x] Sent An example message from producing javascript app.
2019.09.04, 23:11:12.0325 UTC -> Creating message...
2019.09.04, 23:11:12.0827 UTC -> Sending message...
2019.09.04, 23:11:12.0827 UTC ->  [x] Sent An example message from producing javascript app.
2019.09.04, 23:11:12.0828 UTC -> Creating message...
2019.09.04, 23:11:13.0329 UTC -> Sending message...
2019.09.04, 23:11:13.0331 UTC ->  [x] Sent An example message from producing javascript app.
2019.09.04, 23:11:13.0341 UTC -> Creating message...
2019.09.04, 23:11:13.0843 UTC -> Sending message...
2019.09.04, 23:11:13.0844 UTC -> Creating message...
2019.09.04, 23:11:13.0844 UTC ->  [x] Sent An example message from producing javascript app.
2019.09.04, 23:11:14.0344 UTC -> Sending message...
2019.09.04, 23:11:14.0346 UTC ->  [x] Sent An example message from producing javascript app.
2019.09.04, 23:11:14.0347 UTC -> Creating message...
2019.09.04, 23:11:14.0848 UTC ->  [x] Sent An example message from producing javascript app.
2019.09.04, 23:11:14.0848 UTC -> Sending message...
2019.09.04, 23:11:14.0848 UTC -> Creating message...
2019.09.04, 23:11:15.0350 UTC -> Sending message...
2019.09.04, 23:11:15.0350 UTC ->  [x] Sent An example message from producing javascript app.
2019.09.04, 23:11:15.0350 UTC -> Creating message...
2019.09.04, 23:11:15.0850 UTC -> Sending message...
2019.09.04, 23:11:15.0851 UTC ->  [x] Sent An example message from producing javascript app.
2019.09.04, 23:11:15.0851 UTC -> Creating message...
2019.09.04, 23:11:16.0352 UTC ->  [x] Sent An example message from producing javascript app.
2019.09.04, 23:11:16.0352 UTC -> Sending message...
2019.09.04, 23:11:16.0352 UTC -> Creating message...
2019.09.04, 23:11:16.0853 UTC -> Sending message...
2019.09.04, 23:11:16.0854 UTC ->  [x] Sent An example message from producing javascript app.
2019.09.04, 23:11:16.0854 UTC -> Creating message...
2019.09.04, 23:11:17.0355 UTC -> Sending message...
2019.09.04, 23:11:17.0357 UTC ->  [x] Sent An example message from producing javascript app.
2019.09.04, 23:11:17.0358 UTC -> Creating message...
2019.09.04, 23:11:17.0860 UTC -> Sending message...
2019.09.04, 23:11:17.0860 UTC ->  [x] Sent An example message from producing javascript app.
2019.09.04, 23:11:17.0861 UTC -> Creating message...
2019.09.04, 23:11:18.0362 UTC -> Sending message...
2019.09.04, 23:11:18.0362 UTC ->  [x] Sent An example message from producing javascript app.
2019.09.04, 23:11:18.0363 UTC -> Creating message...
2019.09.04, 23:11:18.0863 UTC -> Sending message...
2019.09.04, 23:11:18.0864 UTC ->  [x] Sent An example message from producing javascript app.
2019.09.04, 23:11:18.0864 UTC -> Creating message...
2019.09.04, 23:11:19.0365 UTC -> Sending message...
2019.09.04, 23:11:19.0366 UTC -> Creating message...
2019.09.04, 23:11:19.0365 UTC ->  [x] Sent An example message from producing javascript app.
2019.09.04, 23:11:19.0867 UTC -> Sending message...
2019.09.04, 23:11:19.0868 UTC ->  [x] Sent An example message from producing javascript app.
2019.09.04, 23:11:19.0868 UTC -> Creating message...
2019.09.04, 23:11:20.0368 UTC -> Sending message...
2019.09.04, 23:11:20.0369 UTC ->  [x] Sent An example message from producing javascript app.
2019.09.04, 23:11:20.0369 UTC -> Creating message...
2019.09.04, 23:11:20.0870 UTC -> Sending message...
2019.09.04, 23:11:20.0870 UTC ->  [x] Sent An example message from producing javascript app.
2019.09.04, 23:11:20.0871 UTC -> Creating message...
2019.09.04, 23:11:21.0372 UTC -> Sending message...
2019.09.04, 23:11:21.0373 UTC ->  [x] Sent An example message from producing javascript app.
2019.09.04, 23:11:21.0373 UTC -> Creating message...
2019.09.04, 23:11:21.0873 UTC -> Sending message...
2019.09.04, 23:11:21.0874 UTC ->  [x] Sent An example message from producing javascript app.
2019.09.04, 23:11:21.0874 UTC -> Creating message...
2019.09.04, 23:11:22.0375 UTC ->  [x] Sent An example message from producing javascript app.
2019.09.04, 23:11:22.0374 UTC -> Sending message...
2019.09.04, 23:11:22.0375 UTC -> Creating message...
2019.09.04, 23:11:22.0875 UTC -> Sending message...
2019.09.04, 23:11:22.0876 UTC -> Creating message...
2019.09.04, 23:11:22.0876 UTC ->  [x] Sent An example message from producing javascript app.
2019.09.04, 23:11:23.0377 UTC -> Sending message...
2019.09.04, 23:11:23.0378 UTC ->  [x] Sent An example message from producing javascript app.
2019.09.04, 23:11:23.0378 UTC -> Creating message...
2019.09.04, 23:11:23.0879 UTC -> Sending message...
2019.09.04, 23:11:23.0879 UTC ->  [x] Sent An example message from producing javascript app.
2019.09.04, 23:11:23.0879 UTC -> Creating message...
2019.09.04, 23:11:24.0381 UTC -> Sending message...
2019.09.04, 23:11:24.0382 UTC -> Creating message...
2019.09.04, 23:11:24.0381 UTC ->  [x] Sent An example message from producing javascript app.
2019.09.04, 23:11:24.0883 UTC -> Sending message...
2019.09.04, 23:11:24.0883 UTC ->  [x] Sent An example message from producing javascript app.
2019.09.04, 23:11:24.0884 UTC -> Creating message...
2019.09.04, 23:11:25.0384 UTC -> Sending message...
2019.09.04, 23:11:25.0385 UTC ->  [x] Sent An example message from producing javascript app.
2019.09.04, 23:11:25.0385 UTC -> Creating message...
2019.09.04, 23:11:25.0888 UTC -> Sending message...
2019.09.04, 23:11:25.0888 UTC ->  [x] Sent An example message from producing javascript app.
2019.09.04, 23:11:25.0889 UTC -> Creating message...
2019.09.04, 23:11:26.0389 UTC -> Sending message...
2019.09.04, 23:11:26.0389 UTC ->  [x] Sent An example message from producing javascript app.
2019.09.04, 23:11:26.0390 UTC -> Creating message...
2019.09.04, 23:11:26.0891 UTC ->  [x] Sent An example message from producing javascript app.
2019.09.04, 23:11:26.0891 UTC -> Sending message...
2019.09.04, 23:11:26.0892 UTC -> Creating message...
2019.09.04, 23:11:27.0393 UTC -> Sending message...
2019.09.04, 23:11:27.0404 UTC ->  [x] Sent An example message from producing javascript app.
2019.09.04, 23:11:27.0405 UTC -> Creating message...
2019.09.04, 23:11:27.0905 UTC -> Sending message...
2019.09.04, 23:11:27.0906 UTC ->  [x] Sent An example message from producing javascript app.
2019.09.04, 23:11:27.0906 UTC -> Creating message...
2019.09.04, 23:11:28.0408 UTC ->  [x] Sent An example message from producing javascript app.
2019.09.04, 23:11:28.0409 UTC -> Creating message...
2019.09.04, 23:11:28.0408 UTC -> Sending message...
2019.09.04, 23:11:28.0909 UTC -> Sending message...
2019.09.04, 23:11:28.0909 UTC ->  [x] Sent An example message from producing javascript app.
2019.09.04, 23:11:28.0909 UTC -> Creating message...
2019.09.04, 23:11:29.0410 UTC -> Sending message...
2019.09.04, 23:11:29.0411 UTC ->  [x] Sent An example message from producing javascript app.
2019.09.04, 23:11:29.0411 UTC -> Creating message...
2019.09.04, 23:11:29.0911 UTC -> Sending message...
2019.09.04, 23:11:29.0912 UTC ->  [x] Sent An example message from producing javascript app.
2019.09.04, 23:11:29.0912 UTC -> Creating message...
2019.09.04, 23:11:30.0413 UTC -> Sending message...
2019.09.04, 23:11:30.0413 UTC ->  [x] Sent An example message from producing javascript app.
2019.09.04, 23:11:30.0413 UTC -> Creating message...
2019.09.04, 23:11:30.0915 UTC -> Sending message...
2019.09.04, 23:11:30.0915 UTC ->  [x] Sent An example message from producing javascript app.
2019.09.04, 23:11:30.0916 UTC -> Creating message...
2019.09.04, 23:11:31.0417 UTC -> Sending message...
2019.09.04, 23:11:31.0417 UTC ->  [x] Sent An example message from producing javascript app.
2019.09.04, 23:11:31.0418 UTC -> Creating message...
2019.09.04, 23:11:31.0918 UTC -> Sending message...
2019.09.04, 23:11:31.0919 UTC ->  [x] Sent An example message from producing javascript app.
2019.09.04, 23:11:31.0920 UTC -> Creating message...
2019.09.04, 23:11:32.0422 UTC -> Sending message...
2019.09.04, 23:11:32.0434 UTC ->  [x] Sent An example message from producing javascript app.
2019.09.04, 23:11:32.0434 UTC -> Creating message...
2019.09.04, 23:11:36.0010 UTC -> Starting javascript producer...
2019.09.04, 23:11:36.0013 UTC -> Connecting to amqp...
2019.09.04, 23:11:36.0013 UTC -> Connecting attempt #0.
2019.09.04, 23:11:46.0051 UTC -> Creating channel...
2019.09.04, 23:11:46.0057 UTC -> Creating message...
2019.09.04, 23:11:46.0558 UTC -> Sending message...
2019.09.04, 23:11:46.0560 UTC ->  [x] Sent An example message from producing javascript app.
2019.09.04, 23:11:46.0561 UTC -> Creating message...
2019.09.04, 23:11:47.0061 UTC -> Sending message...
2019.09.04, 23:11:47.0062 UTC -> Creating message...
2019.09.04, 23:11:47.0062 UTC ->  [x] Sent An example message from producing javascript app.
2019.09.04, 23:11:47.0562 UTC -> Sending message...
2019.09.04, 23:11:47.0563 UTC ->  [x] Sent An example message from producing javascript app.
2019.09.04, 23:11:47.0563 UTC -> Creating message...
2019.09.04, 23:11:48.0063 UTC -> Sending message...
2019.09.04, 23:11:48.0063 UTC ->  [x] Sent An example message from producing javascript app.
2019.09.04, 23:11:48.0063 UTC -> Creating message...
2019.09.04, 23:11:48.0564 UTC -> Sending message...
2019.09.04, 23:11:48.0564 UTC ->  [x] Sent An example message from producing javascript app.
2019.09.04, 23:11:48.0565 UTC -> Creating message...
2019.09.04, 23:11:49.0066 UTC -> Sending message...
2019.09.04, 23:11:49.0066 UTC ->  [x] Sent An example message from producing javascript app.
2019.09.04, 23:11:49.0067 UTC -> Creating message...
2019.09.04, 23:11:49.0568 UTC -> Sending message...
2019.09.04, 23:11:49.0568 UTC ->  [x] Sent An example message from producing javascript app.
2019.09.04, 23:11:49.0569 UTC -> Creating message...
2019.09.04, 23:11:50.0071 UTC -> Sending message...
2019.09.04, 23:11:50.0071 UTC -> Creating message...
2019.09.04, 23:11:50.0071 UTC ->  [x] Sent An example message from producing javascript app.
2019.09.04, 23:11:50.0573 UTC -> Sending message...
2019.09.04, 23:11:50.0574 UTC -> Creating message...
2019.09.04, 23:11:50.0574 UTC ->  [x] Sent An example message from producing javascript app.
2019.09.04, 23:11:51.0074 UTC -> Sending message...
2019.09.04, 23:11:51.0075 UTC ->  [x] Sent An example message from producing javascript app.
2019.09.04, 23:11:51.0075 UTC -> Creating message...
2019.09.04, 23:11:51.0576 UTC -> Sending message...
2019.09.04, 23:11:51.0576 UTC ->  [x] Sent An example message from producing javascript app.
2019.09.04, 23:11:51.0577 UTC -> Creating message...
2019.09.04, 23:11:52.0078 UTC ->  [x] Sent An example message from producing javascript app.
2019.09.04, 23:11:52.0078 UTC -> Sending message...
2019.09.04, 23:11:52.0079 UTC -> Creating message...
2019.09.04, 23:11:52.0579 UTC -> Sending message...
2019.09.04, 23:11:52.0580 UTC ->  [x] Sent An example message from producing javascript app.
2019.09.04, 23:11:52.0580 UTC -> Creating message...
2019.09.04, 23:11:53.0083 UTC -> Sending message...
2019.09.04, 23:11:53.0084 UTC -> Creating message...
2019.09.04, 23:11:53.0084 UTC ->  [x] Sent An example message from producing javascript app.
2019.09.04, 23:11:53.0585 UTC -> Sending message...
2019.09.04, 23:11:53.0585 UTC ->  [x] Sent An example message from producing javascript app.
2019.09.04, 23:11:53.0585 UTC -> Creating message...
2019.09.04, 23:11:54.0086 UTC -> Sending message...
2019.09.04, 23:11:54.0086 UTC ->  [x] Sent An example message from producing javascript app.
2019.09.04, 23:11:54.0087 UTC -> Creating message...
2019.09.04, 23:11:54.0588 UTC -> Sending message...
2019.09.04, 23:11:54.0588 UTC ->  [x] Sent An example message from producing javascript app.
2019.09.04, 23:11:54.0588 UTC -> Creating message...
2019.09.04, 23:11:55.0089 UTC -> Sending message...
2019.09.04, 23:11:55.0090 UTC ->  [x] Sent An example message from producing javascript app.
2019.09.04, 23:11:55.0090 UTC -> Creating message...
2019.09.04, 23:11:55.0590 UTC -> Sending message...
2019.09.04, 23:11:55.0591 UTC ->  [x] Sent An example message from producing javascript app.
2019.09.04, 23:11:55.0591 UTC -> Creating message...
2019.09.04, 23:11:56.0092 UTC -> Sending message...
2019.09.04, 23:11:56.0093 UTC -> Creating message...
2019.09.04, 23:11:56.0092 UTC ->  [x] Sent An example message from producing javascript app.
2019.09.04, 23:11:56.0594 UTC -> Sending message...
2019.09.04, 23:11:56.0595 UTC ->  [x] Sent An example message from producing javascript app.
2019.09.04, 23:11:56.0595 UTC -> Creating message...
2019.09.04, 23:11:57.0096 UTC -> Sending message...
2019.09.04, 23:11:57.0097 UTC ->  [x] Sent An example message from producing javascript app.
2019.09.04, 23:11:57.0097 UTC -> Creating message...
2019.09.04, 23:11:57.0601 UTC -> Sending message...
2019.09.04, 23:11:57.0601 UTC ->  [x] Sent An example message from producing javascript app.
2019.09.04, 23:11:57.0602 UTC -> Creating message...
2019.09.04, 23:11:58.0103 UTC -> Sending message...
2019.09.04, 23:11:58.0103 UTC ->  [x] Sent An example message from producing javascript app.
2019.09.04, 23:11:58.0104 UTC -> Creating message...
2019.09.04, 23:11:58.0605 UTC -> Sending message...
2019.09.04, 23:11:58.0605 UTC ->  [x] Sent An example message from producing javascript app.
2019.09.04, 23:11:58.0606 UTC -> Creating message...
2019.09.04, 23:11:59.0106 UTC -> Sending message...
2019.09.04, 23:11:59.0107 UTC ->  [x] Sent An example message from producing javascript app.
2019.09.04, 23:11:59.0107 UTC -> Creating message...
2019.09.04, 23:11:59.0608 UTC -> Sending message...
2019.09.04, 23:11:59.0610 UTC ->  [x] Sent An example message from producing javascript app.
2019.09.04, 23:11:59.0610 UTC -> Creating message...
2019.09.04, 23:12:00.0111 UTC -> Sending message...
2019.09.04, 23:12:00.0112 UTC -> Creating message...
2019.09.04, 23:12:00.0111 UTC ->  [x] Sent An example message from producing javascript app.
2019.09.04, 23:12:00.0613 UTC -> Sending message...
2019.09.04, 23:12:00.0613 UTC ->  [x] Sent An example message from producing javascript app.
2019.09.04, 23:12:00.0614 UTC -> Creating message...
2019.09.04, 23:12:01.0116 UTC -> Sending message...
2019.09.04, 23:12:01.0117 UTC ->  [x] Sent An example message from producing javascript app.
2019.09.04, 23:12:01.0117 UTC -> Creating message...
2019.09.04, 23:12:01.0618 UTC -> Sending message...
2019.09.04, 23:12:01.0619 UTC ->  [x] Sent An example message from producing javascript app.
2019.09.04, 23:12:01.0619 UTC -> Creating message...
2019.09.04, 23:12:02.0120 UTC -> Sending message...
2019.09.04, 23:12:02.0121 UTC ->  [x] Sent An example message from producing javascript app.
2019.09.04, 23:12:02.0121 UTC -> Creating message...
2019.09.04, 23:12:02.0623 UTC -> Sending message...
2019.09.04, 23:12:02.0623 UTC ->  [x] Sent An example message from producing javascript app.
2019.09.04, 23:12:02.0624 UTC -> Creating message...
2019.09.04, 23:12:03.0125 UTC -> Sending message...
2019.09.04, 23:12:03.0126 UTC ->  [x] Sent An example message from producing javascript app.
2019.09.04, 23:12:03.0128 UTC -> Creating message...
2019.09.04, 23:12:03.0628 UTC -> Sending message...
2019.09.04, 23:12:03.0629 UTC ->  [x] Sent An example message from producing javascript app.
2019.09.04, 23:12:03.0629 UTC -> Creating message...
2019.09.04, 23:12:04.0130 UTC -> Sending message...
2019.09.04, 23:12:04.0131 UTC ->  [x] Sent An example message from producing javascript app.
2019.09.04, 23:12:04.0131 UTC -> Creating message...
2019.09.04, 23:12:04.0632 UTC -> Sending message...
2019.09.04, 23:12:04.0632 UTC ->  [x] Sent An example message from producing javascript app.
2019.09.04, 23:12:04.0633 UTC -> Creating message...
2019.09.04, 23:12:05.0133 UTC -> Sending message...
2019.09.04, 23:12:05.0134 UTC ->  [x] Sent An example message from producing javascript app.
2019.09.04, 23:12:05.0134 UTC -> Creating message...
2019.09.04, 23:12:05.0635 UTC -> Sending message...
2019.09.04, 23:12:05.0637 UTC ->  [x] Sent An example message from producing javascript app.
2019.09.04, 23:12:05.0637 UTC -> Creating message...
2019.09.04, 23:12:06.0137 UTC -> Sending message...
2019.09.04, 23:12:06.0138 UTC ->  [x] Sent An example message from producing javascript app.
2019.09.04, 23:12:06.0138 UTC -> Creating message...
2019.09.04, 23:12:06.0639 UTC -> Sending message...
2019.09.04, 23:12:06.0650 UTC ->  [x] Sent An example message from producing javascript app.
2019.09.04, 23:12:06.0651 UTC -> Creating message...
2019.09.04, 23:12:07.0152 UTC -> Sending message...
2019.09.04, 23:12:07.0152 UTC ->  [x] Sent An example message from producing javascript app.
2019.09.04, 23:12:07.0153 UTC -> Creating message...
2019.09.04, 23:12:07.0653 UTC -> Sending message...
2019.09.04, 23:12:07.0654 UTC ->  [x] Sent An example message from producing javascript app.
2019.09.04, 23:12:07.0654 UTC -> Creating message...
2019.09.04, 23:12:08.0156 UTC -> Sending message...
2019.09.04, 23:12:08.0157 UTC ->  [x] Sent An example message from producing javascript app.
2019.09.04, 23:12:08.0157 UTC -> Creating message...
2019.09.04, 23:12:08.0658 UTC -> Sending message...
2019.09.04, 23:12:08.0658 UTC ->  [x] Sent An example message from producing javascript app.
2019.09.04, 23:12:08.0658 UTC -> Creating message...
2019.09.04, 23:12:09.0159 UTC -> Sending message...
2019.09.04, 23:12:09.0159 UTC ->  [x] Sent An example message from producing javascript app.
2019.09.04, 23:12:09.0159 UTC -> Creating message...
2019.09.04, 23:12:09.0660 UTC -> Sending message...
2019.09.04, 23:12:09.0661 UTC ->  [x] Sent An example message from producing javascript app.
2019.09.04, 23:12:09.0661 UTC -> Creating message...
2019.09.04, 23:12:10.0162 UTC -> Sending message...
2019.09.04, 23:12:10.0162 UTC ->  [x] Sent An example message from producing javascript app.
2019.09.04, 23:12:10.0163 UTC -> Creating message...
2019.09.04, 23:12:10.0663 UTC -> Sending message...
2019.09.04, 23:12:10.0664 UTC ->  [x] Sent An example message from producing javascript app.
2019.09.04, 23:12:10.0664 UTC -> Creating message...
2019.09.04, 23:12:11.0165 UTC -> Sending message...
2019.09.04, 23:12:11.0165 UTC ->  [x] Sent An example message from producing javascript app.
2019.09.04, 23:12:11.0166 UTC -> Creating message...
2019.09.04, 23:12:11.0666 UTC -> Sending message...
2019.09.04, 23:12:11.0667 UTC ->  [x] Sent An example message from producing javascript app.
2019.09.04, 23:12:11.0667 UTC -> Creating message...
2019.09.04, 23:12:12.0168 UTC -> Sending message...
2019.09.04, 23:12:12.0169 UTC ->  [x] Sent An example message from producing javascript app.
2019.09.04, 23:12:12.0169 UTC -> Creating message...
2019.09.04, 23:12:12.0670 UTC -> Sending message...
2019.09.04, 23:12:12.0670 UTC ->  [x] Sent An example message from producing javascript app.
2019.09.04, 23:12:12.0671 UTC -> Creating message...
2019.09.04, 23:12:13.0172 UTC -> Sending message...
2019.09.04, 23:12:13.0173 UTC ->  [x] Sent An example message from producing javascript app.
2019.09.04, 23:12:13.0174 UTC -> Creating message...
2019.09.04, 23:12:13.0675 UTC -> Sending message...
2019.09.04, 23:12:13.0676 UTC -> Creating message...
2019.09.04, 23:12:13.0676 UTC ->  [x] Sent An example message from producing javascript app.
2019.09.04, 23:12:14.0177 UTC -> Sending message...
2019.09.04, 23:12:14.0178 UTC ->  [x] Sent An example message from producing javascript app.
2019.09.04, 23:12:14.0178 UTC -> Creating message...
2019.09.04, 23:12:14.0679 UTC -> Sending message...
2019.09.04, 23:12:14.0679 UTC ->  [x] Sent An example message from producing javascript app.
2019.09.04, 23:12:14.0680 UTC -> Creating message...
2019.09.04, 23:12:18.0409 UTC -> Starting javascript producer...
2019.09.04, 23:12:18.0412 UTC -> Connecting to amqp...
2019.09.04, 23:12:18.0412 UTC -> Connecting attempt #0.
2019.09.04, 23:12:28.0456 UTC -> Creating channel...
2019.09.04, 23:12:28.0462 UTC -> Creating message...
2019.09.04, 23:12:33.0464 UTC -> Sending message...
2019.09.04, 23:12:33.0466 UTC -> Creating message...
2019.09.04, 23:12:33.0466 UTC ->  [x] Sent An example message from producing javascript app.
2019.09.04, 23:12:38.0468 UTC -> Sending message...
2019.09.04, 23:12:38.0469 UTC ->  [x] Sent An example message from producing javascript app.
2019.09.04, 23:12:38.0469 UTC -> Creating message...
2019.09.04, 23:12:43.0470 UTC -> Sending message...
2019.09.04, 23:12:43.0470 UTC ->  [x] Sent An example message from producing javascript app.
2019.09.04, 23:12:43.0470 UTC -> Creating message...
2019.09.04, 23:12:48.0472 UTC -> Sending message...
2019.09.04, 23:12:48.0473 UTC ->  [x] Sent An example message from producing javascript app.
2019.09.04, 23:12:48.0474 UTC -> Creating message...
2019.09.04, 23:12:53.0475 UTC -> Sending message...
2019.09.04, 23:12:53.0476 UTC ->  [x] Sent An example message from producing javascript app.
2019.09.04, 23:12:53.0476 UTC -> Creating message...
2019.09.04, 23:12:58.0476 UTC -> Sending message...
2019.09.04, 23:12:58.0476 UTC ->  [x] Sent An example message from producing javascript app.
2019.09.04, 23:12:58.0477 UTC -> Creating message...
2019.09.04, 23:13:03.0477 UTC -> Sending message...
2019.09.04, 23:13:03.0477 UTC ->  [x] Sent An example message from producing javascript app.
2019.09.04, 23:13:03.0478 UTC -> Creating message...
2019.09.04, 23:13:08.0479 UTC -> Sending message...
2019.09.04, 23:13:08.0479 UTC ->  [x] Sent An example message from producing javascript app.
2019.09.04, 23:13:08.0480 UTC -> Creating message...
2019.09.04, 23:13:13.0481 UTC -> Sending message...
2019.09.04, 23:13:13.0482 UTC -> Creating message...
2019.09.04, 23:13:13.0482 UTC ->  [x] Sent An example message from producing javascript app.
2019.09.04, 23:13:18.0484 UTC -> Sending message...
2019.09.04, 23:13:18.0484 UTC ->  [x] Sent An example message from producing javascript app.
2019.09.04, 23:13:18.0485 UTC -> Creating message...
